  Main.cpp
C:\Users\Milan\Desktop\OpenRT\OpenRT\Editor.h(200,62): warning C4244: 'argument': conversion from 'float' to 'int', possible loss of data
  (compiling source file 'Main.cpp')
  
C:\Users\Milan\Desktop\OpenRT\OpenRT\Editor.h(200,46): warning C4244: 'argument': conversion from 'float' to 'int', possible loss of data
  (compiling source file 'Main.cpp')
  
C:\Users\Milan\Desktop\OpenRT\OpenRT\Editor.h(224,65): warning C4244: 'argument': conversion from 'float' to 'int', possible loss of data
  (compiling source file 'Main.cpp')
  
C:\Users\Milan\Desktop\OpenRT\OpenRT\Editor.h(224,48): warning C4244: 'argument': conversion from 'float' to 'int', possible loss of data
  (compiling source file 'Main.cpp')
  
C:\Users\Milan\Desktop\OpenRT\OpenRT\Main.cpp(86,17): warning C4804: '<': unsafe use of type 'bool' in operation
C:\Users\Milan\Desktop\OpenRT\OpenRT\Main.cpp(185,20): warning C4244: 'argument': conversion from 'int' to 'GLfloat', possible loss of data
C:\Users\Milan\Desktop\OpenRT\OpenRT\Main.cpp(187,31): warning C4244: 'argument': conversion from 'int' to 'GLfloat', possible loss of data
C:\Users\Milan\Desktop\OpenRT\OpenRT\Main.cpp(187,20): warning C4244: 'argument': conversion from 'int' to 'GLfloat', possible loss of data
C:\Users\Milan\Desktop\OpenRT\OpenRT\Main.cpp(188,23): warning C4244: 'argument': conversion from 'int' to 'GLfloat', possible loss of data
  Generating code
  2 of 179 functions ( 1.1%) were compiled, the rest were copied from previous compilation.
    0 functions were new in current compilation
    0 functions had inline decision re-evaluated but remain unchanged
  Finished generating code
  OpenRT.vcxproj -> C:\Users\Milan\Desktop\OpenRT\OpenRT\x64\Release\OpenRT.exe
